<?xml version="1.0" encoding="UTF-8"?>
<!-- Generated by org.testng.reporters.JUnitXMLReporter -->
<testsuite ignored="0" hostname="Stevu" failures="0" tests="2" name="Default test" time="12.765" errors="0" timestamp="2025-04-01T21:32:10 IST">
  <testcase classname="com.obsqura.rmart_Supermarket.Testscript.CategoryPageTest" name="verifyThatUserCanCreateANewCategory" time="3.614">
    <skipped/>
  </testcase> <!-- verifyThatUserCanCreateANewCategory -->
  <testcase classname="com.obsqura.rmart_Supermarket.Testscript.CategoryPageTest" name="verifyThatUserCanCreateANewCategory" time="3.121"/>
</testsuite> <!-- Default test -->
