<?xml version="1.0" encoding="UTF-8"?>
<!-- Generated by org.testng.reporters.JUnitXMLReporter -->
<testsuite ignored="0" hostname="Stevu" failures="0" tests="2" name="chrometest" time="8.534" errors="0" timestamp="2025-04-03T21:27:15 IST">
  <testcase classname="com.obsqura.rmart_Supermarket.Testscript.ManageNewsPageTest" name="verifyThatUserCanSaveNewsDetails" time="3.296"/>
  <testcase classname="com.obsqura.rmart_Supermarket.Testscript.ManageFooterTextPageTest" name="verifyThatUserCanEditFooterTextDetails" time="4.454"/>
</testsuite> <!-- chrometest -->
