<?xml version="1.0" encoding="UTF-8"?>
<!-- Generated by org.testng.reporters.JUnitXMLReporter -->
<testsuite ignored="2" hostname="Stevu" failures="0" tests="2" name="grouping" time="8.628" errors="0" timestamp="2025-04-03T21:39:32 IST">
  <testcase classname="com.obsqura.rmart_Supermarket.Testscript.LoginPageTest" name="verifyUserCanLoginUsingValidUsernameAndPassword" time="1.576"/>
  <testcase classname="com.obsqura.rmart_Supermarket.Testscript.LoginPageTest" name="verifyUserCannotLoginUsingInvalidUsernameAndPassword" time="0.772"/>
  <testcase classname="com.obsqura.rmart_Supermarket.Testscript.LoginPageTest" name="verifyUserCannotLoginUsingInValidUsernameAndValidPassword" time="0.0">
    <ignored/>
  </testcase> <!-- verifyUserCannotLoginUsingInValidUsernameAndValidPassword -->
  <testcase classname="com.obsqura.rmart_Supermarket.Testscript.LoginPageTest" name="verifyUserCannotLoginUsingValidUsernameAndInvalidPassword" time="0.0">
    <ignored/>
  </testcase> <!-- verifyUserCannotLoginUsingValidUsernameAndInvalidPassword -->
</testsuite> <!-- grouping -->
