<?xml version="1.0" encoding="UTF-8"?>
<!-- Generated by org.testng.reporters.JUnitXMLReporter -->
<testsuite ignored="3" hostname="Stevu" failures="0" tests="1" name="parameters.xml" time="4.824" errors="0" timestamp="2025-03-28T21:38:26 IST">
  <testcase classname="com.obsqura.rmart_Supermarket.Testscript.AdminPageTest" name="verifyThatAdminCannotCreateAlreadyExistingUser" time="2.263"/>
  <testcase classname="com.obsqura.rmart_Supermarket.Testscript.AdminPageTest" name="verifyThatAdminCanCreateNewUserDetails" time="0.0">
    <ignored/>
  </testcase> <!-- verifyThatAdminCanCreateNewUserDetails -->
  <testcase classname="com.obsqura.rmart_Supermarket.Testscript.AdminPageTest" name="verifyThatAdminCanSearchForAParticularUserUsingCorrectUsernameAndCorrectUsertype" time="0.0">
    <ignored/>
  </testcase> <!-- verifyThatAdminCanSearchForAParticularUserUsingCorrectUsernameAndCorrectUsertype -->
  <testcase classname="com.obsqura.rmart_Supermarket.Testscript.AdminPageTest" name="verifyThatAdminCanDeleteFirstUserInTheList" time="0.0">
    <ignored/>
  </testcase> <!-- verifyThatAdminCanDeleteFirstUserInTheList -->
</testsuite> <!-- parameters.xml -->
