<?xml version="1.0" encoding="UTF-8"?>
<!-- Generated by org.testng.reporters.JUnitXMLReporter -->
<testsuite ignored="3" hostname="Stevu" failures="0" tests="1" name="edgetest" time="8.616" errors="0" timestamp="2025-04-03T21:13:30 IST">
  <testcase classname="com.obsqura.rmart_Supermarket.Testscript.LoginPageTest" name="verifyUserCanLoginUsingValidUsernameAndPassword" time="2.762"/>
  <testcase classname="com.obsqura.rmart_Supermarket.Testscript.LoginPageTest" name="verifyUserCannotLoginUsingValidUsernameAndInvalidPassword" time="0.0">
    <ignored/>
  </testcase> <!-- verifyUserCannotLoginUsingValidUsernameAndInvalidPassword -->
  <testcase classname="com.obsqura.rmart_Supermarket.Testscript.LoginPageTest" name="verifyUserCannotLoginUsingInValidUsernameAndValidPassword" time="0.0">
    <ignored/>
  </testcase> <!-- verifyUserCannotLoginUsingInValidUsernameAndValidPassword -->
  <testcase classname="com.obsqura.rmart_Supermarket.Testscript.LoginPageTest" name="verifyUserCannotLoginUsingInvalidUsernameAndPassword" time="0.0">
    <ignored/>
  </testcase> <!-- verifyUserCannotLoginUsingInvalidUsernameAndPassword -->
</testsuite> <!-- edgetest -->
